0 info it worked if it ends with ok
1 verbose cli [ 'C:\\Program Files\\nodejs\\node.exe',
1 verbose cli   'C:\\Program Files\\nodejs\\node_modules\\npm\\bin\\npm-cli.js',
1 verbose cli   'install',
1 verbose cli   'hook' ]
2 info using npm@3.10.10
3 info using node@v6.11.3
4 silly loadCurrentTree Starting
5 silly install loadCurrentTree
6 silly install readLocalPackageData
7 silly fetchPackageMetaData hook
8 silly fetchNamedPackageData hook
9 silly mapToRegistry name hook
10 silly mapToRegistry using default registry
11 silly mapToRegistry registry https://registry.npmjs.org/
12 silly mapToRegistry data Result {
12 silly mapToRegistry   raw: 'hook',
12 silly mapToRegistry   scope: null,
12 silly mapToRegistry   escapedName: 'hook',
12 silly mapToRegistry   name: 'hook',
12 silly mapToRegistry   rawSpec: '',
12 silly mapToRegistry   spec: 'latest',
12 silly mapToRegistry   type: 'tag' }
13 silly mapToRegistry uri https://registry.npmjs.org/hook
14 verbose request uri https://registry.npmjs.org/hook
15 verbose request no auth needed
16 info attempt registry request try #1 at 1:57:48 PM
17 verbose request id a54e2a45045eda0c
18 verbose etag "4f43a45f-13a4"
19 verbose lastModified Tue, 21 Feb 2012 14:04:15 GMT
20 http request GET https://registry.npmjs.org/hook
21 http 304 https://registry.npmjs.org/hook
22 verbose headers { date: 'Sat, 16 Dec 2017 18:57:47 GMT',
22 verbose headers   via: '1.1 varnish',
22 verbose headers   'cache-control': 'max-age=300',
22 verbose headers   etag: '"4f43a45f-13a4"',
22 verbose headers   age: '431',
22 verbose headers   connection: 'keep-alive',
22 verbose headers   'x-served-by': 'cache-dca17746-DCA',
22 verbose headers   'x-cache': 'HIT',
22 verbose headers   'x-cache-hits': '1',
22 verbose headers   'x-timer': 'S1513450668.791482,VS0,VE1',
22 verbose headers   vary: 'Accept-Encoding, Accept' }
23 silly get cb [ 304,
23 silly get   { date: 'Sat, 16 Dec 2017 18:57:47 GMT',
23 silly get     via: '1.1 varnish',
23 silly get     'cache-control': 'max-age=300',
23 silly get     etag: '"4f43a45f-13a4"',
23 silly get     age: '431',
23 silly get     connection: 'keep-alive',
23 silly get     'x-served-by': 'cache-dca17746-DCA',
23 silly get     'x-cache': 'HIT',
23 silly get     'x-cache-hits': '1',
23 silly get     'x-timer': 'S1513450668.791482,VS0,VE1',
23 silly get     vary: 'Accept-Encoding, Accept' } ]
24 verbose etag https://registry.npmjs.org/hook from cache
25 verbose get saving hook to C:\Users\FITSUM BELAYNEH\AppData\Roaming\npm-cache\registry.npmjs.org\hook\.cache.json
26 verbose correctMkdir C:\Users\FITSUM BELAYNEH\AppData\Roaming\npm-cache correctMkdir not in flight; initializing
27 silly install normalizeTree
28 silly loadCurrentTree Finishing
29 silly loadIdealTree Starting
30 silly install loadIdealTree
31 silly cloneCurrentTree Starting
32 silly install cloneCurrentTreeToIdealTree
33 silly cloneCurrentTree Finishing
34 silly loadShrinkwrap Starting
35 silly install loadShrinkwrap
36 silly loadShrinkwrap Finishing
37 silly loadAllDepsIntoIdealTree Starting
38 silly install loadAllDepsIntoIdealTree
39 silly rollbackFailedOptional Starting
40 silly rollbackFailedOptional Finishing
41 silly runTopLevelLifecycles Finishing
42 silly install printInstalled
43 verbose stack Error: Unsupported platform for hook@0.0.5: wanted {"name":"hook","description":"NodeJS Throttler","version":"0.0.5","author":{"name":"Jeff Su"},"repository":{"type":"git","url":"git://github.com/jeffsu/hook.git"},"os":["linux","darwin","freebsd"],"directories":{"lib":"./lib/","example":"./example"},"main":"./lib/hook","dependencies":{"mochiscript":">=0.4.3"},"engines":{"node":">=0.1.97"},"_npmUser":{"name":"jeffsu","email":"me@jeffsu.com"},"_id":"hook@0.0.5","devDependencies":{},"_engineSupported":true,"_npmVersion":"1.0.106","_nodeVersion":"v0.6.7-pre","_defaultsLoaded":true,"dist":{"shasum":"bca87347a964efada87a96557372be24d46fa59a","tarball":"https://registry.npmjs.org/hook/-/hook-0.0.5.tgz"},"maintainers":[{"name":"jeffsu","email":"me@jeffsu.com"}],"_from":"hook","_resolved":"https://registry.npmjs.org/hook/-/hook-0.0.5.tgz","_shasum":"bca87347a964efada87a96557372be24d46fa59a","_requested":{"raw":"hook","scope":null,"escapedName":"hook","name":"hook","rawSpec":"","spec":"latest","type":"tag"},"_spec":"hook","_where":"C:\\Users\\FITSUM BELAYNEH\\apps\\BoozeClues","_args":[[{"raw":"hook","scope":null,"escapedName":"hook","name":"hook","rawSpec":"","spec":"latest","type":"tag"},"C:\\Users\\FITSUM BELAYNEH\\apps\\BoozeClues"]],"bugs":{"url":"https://github.com/jeffsu/hook/issues"},"readme":"ERROR: No README data found!","homepage":"https://github.com/jeffsu/hook#readme"} (current: {"os":"win32","cpu":"x64"})
43 verbose stack     at checkPlatform (C:\Program Files\nodejs\node_modules\npm\node_modules\npm-install-checks\index.js:45:14)
43 verbose stack     at thenWarnEngineIssues (C:\Program Files\nodejs\node_modules\npm\lib\install\validate-args.js:41:5)
43 verbose stack     at C:\Program Files\nodejs\node_modules\npm\node_modules\iferr\index.js:13:50
43 verbose stack     at checkEngine (C:\Program Files\nodejs\node_modules\npm\node_modules\npm-install-checks\index.js:24:10)
43 verbose stack     at module.exports.isInstallable (C:\Program Files\nodejs\node_modules\npm\lib\install\validate-args.js:38:3)
43 verbose stack     at Array.<anonymous> (C:\Program Files\nodejs\node_modules\npm\node_modules\slide\lib\bind-actor.js:15:8)
43 verbose stack     at LOOP (C:\Program Files\nodejs\node_modules\npm\node_modules\slide\lib\chain.js:15:14)
43 verbose stack     at C:\Program Files\nodejs\node_modules\npm\node_modules\slide\lib\chain.js:18:7
43 verbose stack     at checkSelf (C:\Program Files\nodejs\node_modules\npm\lib\install\validate-args.js:46:72)
43 verbose stack     at Array.<anonymous> (C:\Program Files\nodejs\node_modules\npm\node_modules\slide\lib\bind-actor.js:15:8)
44 verbose pkgid hook@0.0.5
45 verbose cwd C:\Users\FITSUM BELAYNEH\apps\BoozeClues
46 error Windows_NT 10.0.16299
47 error argv "C:\\Program Files\\nodejs\\node.exe" "C:\\Program Files\\nodejs\\node_modules\\npm\\bin\\npm-cli.js" "install" "hook"
48 error node v6.11.3
49 error npm  v3.10.10
50 error code EBADPLATFORM
51 error notsup Unsupported platform for hook@0.0.5: wanted {"os":"linux,darwin,freebsd","arch":"any"} (current: {"os":"win32","arch":"x64"})
52 error notsup Valid OS:    linux,darwin,freebsd
52 error notsup Valid Arch:  any
52 error notsup Actual OS:   win32
52 error notsup Actual Arch: x64
53 verbose exit [ 1, true ]
